<?xml version="1.0" encoding="UTF-8"?>
<!-- Generated by org.testng.reporters.JUnitReportReporter -->
<testsuite hostname="DESKTOP-EJ61V5K" failures="0" tests="1" name="testpackage.TestActiTimeLogout" time="5.028" errors="0" timestamp="2023-02-01T13:02:44 IST" skipped="0">
  <testcase classname="testpackage.TestActiTimeLogout" name="logout" time="5.028"/>
  <system-out/>
</testsuite> <!-- testpackage.TestActiTimeLogout -->
