<?xml version="1.0" encoding="UTF-8"?>
<!-- Generated by org.testng.reporters.JUnitReportReporter -->
<testsuite hostname="DESKTOP-EJ61V5K" failures="0" tests="1" name="testpackage.TestActiTimeValidLogin" time="0.791" errors="0" timestamp="2023-02-01T12:52:25 IST" skipped="0">
  <testcase classname="testpackage.TestActiTimeValidLogin" name="TestValidLogin" time="0.791"/>
  <system-out/>
</testsuite> <!-- testpackage.TestActiTimeValidLogin -->
